2019-09-18T14:07:46.104228-0300 INFO Receiving parameters.
2019-09-18T14:08:05.170773-0300 INFO Receiving parameters.
2019-09-18T14:08:13.400839-0300 INFO Receiving parameters.
2019-09-18T14:08:54.998264-0300 INFO Receiving parameters.
2019-09-18T14:09:42.471357-0300 INFO Receiving parameters.
2019-09-18T14:09:54.503776-0300 INFO Receiving parameters.
2019-09-18T14:10:17.027083-0300 INFO Receiving parameters.
2019-09-18T14:10:46.157485-0300 INFO Receiving parameters.
2019-09-18T14:11:14.341974-0300 INFO Receiving parameters.
2019-09-18T14:11:29.673869-0300 INFO Receiving parameters.
2019-09-18T14:11:43.721778-0300 INFO Receiving parameters.
2019-09-18T14:12:01.063744-0300 INFO Receiving parameters.
2019-09-18T14:12:10.622926-0300 INFO Receiving parameters.
2019-09-18T14:12:18.787786-0300 INFO Receiving parameters.
2019-09-18T14:12:33.289892-0300 INFO Receiving parameters.
2019-09-18T14:12:41.150682-0300 INFO Receiving parameters.
2019-09-18T14:12:47.209201-0300 INFO Receiving parameters.
2019-09-18T14:12:58.897620-0300 INFO Receiving parameters.
2019-09-18T14:13:04.394096-0300 INFO Receiving parameters.
2019-09-18T14:13:23.963385-0300 INFO Receiving parameters.
2019-09-18T14:14:01.524438-0300 INFO Receiving parameters.
2019-09-18T14:14:07.306629-0300 INFO Receiving parameters.
2019-09-18T14:14:26.142602-0300 INFO Receiving parameters.
2019-09-18T14:14:40.385311-0300 INFO Receiving parameters.
2019-09-18T14:15:56.146315-0300 INFO Receiving parameters.
2019-09-18T14:16:08.469045-0300 INFO Receiving parameters.
2019-09-18T14:16:21.992762-0300 INFO Receiving parameters.
2019-09-18T14:16:31.629096-0300 INFO Receiving parameters.
2019-09-18T14:16:46.951257-0300 INFO Receiving parameters.
2019-09-18T14:16:57.275632-0300 INFO Receiving parameters.
2019-09-18T14:17:11.443300-0300 INFO Receiving parameters.
2019-09-18T14:17:42.151573-0300 INFO Receiving parameters.
2019-09-18T14:17:47.557716-0300 INFO Receiving parameters.
2019-09-18T14:18:49.281941-0300 INFO Receiving parameters.
2019-09-18T14:19:11.691764-0300 INFO Receiving parameters.
2019-09-18T14:19:33.307690-0300 INFO Receiving parameters.
2019-09-18T14:19:38.486634-0300 INFO Receiving parameters.
2019-09-18T14:21:56.887866-0300 INFO Receiving parameters.
2019-09-18T14:22:05.615683-0300 INFO Receiving parameters.
2019-09-18T14:28:38.678115-0300 INFO Receiving parameters.
2019-09-18T14:28:48.079171-0300 INFO Receiving parameters.
2019-09-18T14:28:53.860725-0300 INFO Receiving parameters.
2019-09-18T14:29:06.758693-0300 INFO Receiving parameters.
2019-09-18T14:29:19.447925-0300 INFO Receiving parameters.
2019-09-18T14:29:40.878112-0300 INFO Receiving parameters.
2019-09-18T14:29:58.320420-0300 INFO Receiving parameters.
2019-09-18T14:30:05.389853-0300 INFO Receiving parameters.
2019-09-18T14:30:14.216805-0300 INFO Receiving parameters.
2019-09-18T14:30:53.777787-0300 INFO Receiving parameters.
2019-09-18T15:02:14.444732-0300 INFO Receiving parameters.
2019-09-18T15:02:22.954296-0300 INFO Receiving parameters.
2019-09-18T15:02:50.589943-0300 INFO Receiving parameters.
2019-09-18T15:03:00.364555-0300 INFO Receiving parameters.
2019-09-18T15:03:14.103638-0300 INFO Receiving parameters.
2019-09-18T15:03:15.255210-0300 INFO Receiving parameters.
2019-09-18T15:03:29.732403-0300 INFO Receiving parameters.
2019-09-18T15:03:41.783238-0300 INFO Receiving parameters.
2019-09-18T15:04:44.475583-0300 INFO Receiving parameters.
2019-09-18T15:05:01.845340-0300 INFO Receiving parameters.
2019-09-18T15:05:22.225020-0300 INFO Receiving parameters.
2019-09-18T15:06:17.100288-0300 INFO Receiving parameters.
2019-09-18T15:06:39.045214-0300 INFO Receiving parameters.
2019-09-18T15:09:59.273707-0300 INFO Receiving parameters.
2019-09-18T15:10:50.909876-0300 INFO Receiving parameters.
2019-09-18T15:12:06.060694-0300 INFO Receiving parameters.
2019-09-18T15:12:16.027430-0300 INFO Receiving parameters.
2019-09-18T15:12:26.705836-0300 INFO Receiving parameters.
2019-09-18T15:12:34.219207-0300 INFO Receiving parameters.
2019-09-18T15:13:34.266500-0300 INFO Receiving parameters.
2019-09-18T15:14:38.135516-0300 INFO Receiving parameters.
2019-09-18T15:14:48.160216-0300 INFO Receiving parameters.
2019-09-18T15:15:24.040603-0300 INFO Receiving parameters.
2019-09-18T15:20:46.395450-0300 INFO Receiving parameters.
2019-09-18T15:20:56.575812-0300 INFO Receiving parameters.
2019-09-18T15:21:11.872095-0300 INFO Receiving parameters.
2019-09-18T15:21:26.147188-0300 INFO Receiving parameters.
2019-09-18T15:21:43.496823-0300 INFO Receiving parameters.
2019-09-18T15:21:53.860330-0300 INFO Receiving parameters.
2019-09-18T15:23:30.302263-0300 INFO Receiving parameters.
2019-09-18T15:23:44.548112-0300 INFO Receiving parameters.
2019-09-18T15:23:58.781002-0300 INFO Receiving parameters.
2019-09-18T15:24:06.082391-0300 INFO Receiving parameters.
2019-09-18T15:24:22.290379-0300 INFO Receiving parameters.
2019-09-18T15:24:32.205291-0300 INFO Receiving parameters.
2019-09-18T15:24:38.533808-0300 INFO Receiving parameters.
2019-09-18T15:25:01.992449-0300 INFO Receiving parameters.
2019-09-18T15:25:37.920972-0300 INFO Receiving parameters.
2019-09-18T15:28:46.942443-0300 INFO Receiving parameters.
2019-09-18T16:35:05.885694-0300 INFO Receiving parameters.
2019-09-18T16:35:05.886100-0300 INFO Processing sentence.
2019-09-18T16:35:05.888580-0300 INFO Classification -> OK
2019-09-18T16:35:31.650007-0300 INFO Receiving parameters.
2019-09-18T16:35:31.650404-0300 INFO Processing batchs
2019-09-18T16:35:31.652871-0300 INFO Probability -> OK
2019-09-18T16:39:41.470277-0300 INFO Receiving parameters.
2019-09-18T16:39:41.470838-0300 INFO Processing batchs
2019-09-18T16:39:41.473642-0300 INFO Probability -> OK
